  MainMenu.cpp
C:\Users\mateu\OneDrive\Pulpit\SFMLProjects\SpaceInvaders\SpaceInvaders\MainMenu.cpp(88,70): warning C4244: "argument": konwersja z "T" do "float", możliwa utrata danych
          with
          [
              T=int
          ]
C:\Users\mateu\OneDrive\Pulpit\SFMLProjects\SpaceInvaders\SpaceInvaders\MainMenu.cpp(88,50): warning C4244: "argument": konwersja z "T" do "float", możliwa utrata danych
          with
          [
              T=int
          ]
C:\Users\mateu\OneDrive\Pulpit\SFMLProjects\SpaceInvaders\SpaceInvaders\MainMenu.cpp(140,72): warning C4244: "argument": konwersja z "T" do "float", możliwa utrata danych
          with
          [
              T=int
          ]
C:\Users\mateu\OneDrive\Pulpit\SFMLProjects\SpaceInvaders\SpaceInvaders\MainMenu.cpp(140,52): warning C4244: "argument": konwersja z "T" do "float", możliwa utrata danych
          with
          [
              T=int
          ]
C:\Users\mateu\OneDrive\Pulpit\SFMLProjects\SpaceInvaders\SpaceInvaders\MainMenu.cpp(148,72): warning C4244: "argument": konwersja z "T" do "float", możliwa utrata danych
          with
          [
              T=int
          ]
C:\Users\mateu\OneDrive\Pulpit\SFMLProjects\SpaceInvaders\SpaceInvaders\MainMenu.cpp(148,52): warning C4244: "argument": konwersja z "T" do "float", możliwa utrata danych
          with
          [
              T=int
          ]
  SpaceInvaders.vcxproj -> C:\Users\mateu\OneDrive\Pulpit\SFMLProjects\SpaceInvaders\Debug\SpaceInvaders.exe
